<?xml version="1.0" encoding="UTF-8"?>
<!-- Generated by org.testng.reporters.JUnitReportReporter -->
<testsuite hostname="DESKTOP-94DJFGM" failures="0" tests="1" name="com.example.automationexercise.LoginTest" time="12.667" errors="0" timestamp="2024-08-18T10:04:44 IST" skipped="0">
  <testcase classname="com.example.automationexercise.LoginTest" name="loginTest" time="12.667"/>
</testsuite> <!-- com.example.automationexercise.LoginTest -->
