<?xml version="1.0" encoding="UTF-8"?>
<!-- Generated by org.testng.reporters.JUnitReportReporter -->
<testsuite hostname="DESKTOP-94DJFGM" failures="0" tests="1" name="com.example.automationexercise.ContactUsFormTest" time="14.014" errors="0" timestamp="2024-08-18T10:04:44 IST" skipped="0">
  <testcase classname="com.example.automationexercise.ContactUsFormTest" name="testContactUsForm" time="14.014"/>
</testsuite> <!-- com.example.automationexercise.ContactUsFormTest -->
